<?xml version="1.0" encoding="UTF-8"?>
<testng-results ignored="0" total="1" passed="0" failed="1" skipped="0">
  <reporter-output>
    <line>
      <![CDATA[JDBC Connected]]>
    </line>
    <line>
      <![CDATA[Default test Project Started]]>
    </line>
    <line>
      <![CDATA[contactEdit TestCase Strated]]>
    </line>
    <line>
      <![CDATA[contactEdit TestCase Failed]]>
    </line>
    <line>
      <![CDATA[Default test Project Finish]]>
    </line>
    <line>
      <![CDATA[Disconnect JDBC]]>
    </line>
  </reporter-output>
  <suite started-at="2024-01-03T00:20:21 GMT-08:00" name="Default suite" finished-at="2024-01-03T00:20:36 GMT-08:00" duration-ms="15785">
    <groups>
    </groups>
    <test started-at="2024-01-03T00:20:21 GMT-08:00" name="Default test" finished-at="2024-01-03T00:20:36 GMT-08:00" duration-ms="15785">
      <class name="com.vtiger.Testcases.Edit">
        <test-method is-config="true" signature="ConnectJDBC()[pri:0, instance:com.vtiger.Testcases.Edit@47d9a273]" started-at="2024-01-03T00:20:21 GMT-08:00" name="ConnectJDBC" finished-at="2024-01-03T00:20:21 GMT-08:00" duration-ms="13" status="PASS">
          <reporter-output>
            <line>
              <![CDATA[JDBC Connected]]>
            </line>
          </reporter-output>
        </test-method> <!-- ConnectJDBC -->
        <test-method is-config="true" signature="setup()[pri:0, instance:com.vtiger.Testcases.Edit@47d9a273]" started-at="2024-01-03T00:20:21 GMT-08:00" name="setup" finished-at="2024-01-03T00:20:25 GMT-08:00" duration-ms="3619" status="PASS">
          <reporter-output>
          </reporter-output>
        </test-method> <!-- setup -->
        <test-method is-config="true" signature="login()[pri:0, instance:com.vtiger.Testcases.Edit@47d9a273]" started-at="2024-01-03T00:20:25 GMT-08:00" name="login" finished-at="2024-01-03T00:20:28 GMT-08:00" duration-ms="3526" status="PASS">
          <reporter-output>
          </reporter-output>
        </test-method> <!-- login -->
        <test-method signature="contactEdit()[pri:0, instance:com.vtiger.Testcases.Edit@47d9a273]" started-at="2024-01-03T00:20:28 GMT-08:00" name="contactEdit" finished-at="2024-01-03T00:20:34 GMT-08:00" duration-ms="5446" status="FAIL">
          <exception class="org.openqa.selenium.InvalidSelectorException">
            <message>
              <![CDATA[invalid selector: Unable to locate an element with the xpath expression (//a[text()='edit'])[ because of the following error:
SyntaxError: Failed to execute 'evaluate' on 'Document': The string '(//a[text()='edit'])[' is not a valid XPath expression.
  (Session info: chrome=120.0.6099.130)
For documentation on this error, please visit: https://www.selenium.dev/documentation/webdriver/troubleshooting/errors#invalid-selector-exception
Build info: version: '4.16.1', revision: '9b4c83354e'
System info: os.name: 'Windows 10', os.arch: 'amd64', os.version: '10.0', java.version: '17.0.8'
Driver info: org.openqa.selenium.chrome.ChromeDriver
Command: [3e6f5b8a2bc2f2879257baa1ab101a28, findElement {using=xpath, value=(//a[text()='edit'])[}]
Capabilities {acceptInsecureCerts: false, browserName: chrome, browserVersion: 120.0.6099.130, chrome: {chromedriverVersion: 120.0.6099.109 (3419140ab66..., userDataDir: C:\Users\hp\AppData\Local\T...}, fedcm:accounts: true, goog:chromeOptions: {debuggerAddress: localhost:57202}, networkConnectionEnabled: false, pageLoadStrategy: normal, platformName: windows, proxy: Proxy(), se:cdp: ws://localhost:57202/devtoo..., se:cdpVersion: 120.0.6099.130, setWindowRect: true, strictFileInteractability: false, timeouts: {implicit: 0, pageLoad: 300000, script: 30000}, unhandledPromptBehavior: dismiss and notify, webauthn:extension:credBlob: true, webauthn:extension:largeBlob: true, webauthn:extension:minPinLength: true, webauthn:extension:prf: true, webauthn:virtualAuthenticators: true}
Session ID: 3e6f5b8a2bc2f2879257baa1ab101a28]]>
            </message>
            <full-stacktrace>
              <![CDATA[org.openqa.selenium.InvalidSelectorException: invalid selector: Unable to locate an element with the xpath expression (//a[text()='edit'])[ because of the following error:
SyntaxError: Failed to execute 'evaluate' on 'Document': The string '(//a[text()='edit'])[' is not a valid XPath expression.
  (Session info: chrome=120.0.6099.130)
For documentation on this error, please visit: https://www.selenium.dev/documentation/webdriver/troubleshooting/errors#invalid-selector-exception
Build info: version: '4.16.1', revision: '9b4c83354e'
System info: os.name: 'Windows 10', os.arch: 'amd64', os.version: '10.0', java.version: '17.0.8'
Driver info: org.openqa.selenium.chrome.ChromeDriver
Command: [3e6f5b8a2bc2f2879257baa1ab101a28, findElement {using=xpath, value=(//a[text()='edit'])[}]
Capabilities {acceptInsecureCerts: false, browserName: chrome, browserVersion: 120.0.6099.130, chrome: {chromedriverVersion: 120.0.6099.109 (3419140ab66..., userDataDir: C:\Users\hp\AppData\Local\T...}, fedcm:accounts: true, goog:chromeOptions: {debuggerAddress: localhost:57202}, networkConnectionEnabled: false, pageLoadStrategy: normal, platformName: windows, proxy: Proxy(), se:cdp: ws://localhost:57202/devtoo..., se:cdpVersion: 120.0.6099.130, setWindowRect: true, strictFileInteractability: false, timeouts: {implicit: 0, pageLoad: 300000, script: 30000}, unhandledPromptBehavior: dismiss and notify, webauthn:extension:credBlob: true, webauthn:extension:largeBlob: true, webauthn:extension:minPinLength: true, webauthn:extension:prf: true, webauthn:virtualAuthenticators: true}
Session ID: 3e6f5b8a2bc2f2879257baa1ab101a28
at java.base/jdk.internal.reflect.NativeConstructorAccessorImpl.newInstance0(Native Method)
at java.base/jdk.internal.reflect.NativeConstructorAccessorImpl.newInstance(NativeConstructorAccessorImpl.java:77)
at java.base/jdk.internal.reflect.DelegatingConstructorAccessorImpl.newInstance(DelegatingConstructorAccessorImpl.java:45)
at java.base/java.lang.reflect.Constructor.newInstanceWithCaller(Constructor.java:499)
at java.base/java.lang.reflect.Constructor.newInstance(Constructor.java:480)
at org.openqa.selenium.remote.codec.w3c.W3CHttpResponseCodec.createException(W3CHttpResponseCodec.java:200)
at org.openqa.selenium.remote.codec.w3c.W3CHttpResponseCodec.decode(W3CHttpResponseCodec.java:133)
at org.openqa.selenium.remote.codec.w3c.W3CHttpResponseCodec.decode(W3CHttpResponseCodec.java:52)
at org.openqa.selenium.remote.HttpCommandExecutor.execute(HttpCommandExecutor.java:191)
at org.openqa.selenium.remote.service.DriverCommandExecutor.invokeExecute(DriverCommandExecutor.java:200)
at org.openqa.selenium.remote.service.DriverCommandExecutor.execute(DriverCommandExecutor.java:175)
at org.openqa.selenium.remote.RemoteWebDriver.execute(RemoteWebDriver.java:523)
at org.openqa.selenium.remote.ElementLocation$ElementFinder$2.findElement(ElementLocation.java:165)
at org.openqa.selenium.remote.ElementLocation.findElement(ElementLocation.java:59)
at org.openqa.selenium.remote.RemoteWebDriver.findElement(RemoteWebDriver.java:360)
at org.openqa.selenium.remote.RemoteWebDriver.findElement(RemoteWebDriver.java:354)
at org.openqa.selenium.support.pagefactory.DefaultElementLocator.findElement(DefaultElementLocator.java:68)
at org.openqa.selenium.support.pagefactory.internal.LocatingElementHandler.invoke(LocatingElementHandler.java:38)
at jdk.proxy2/jdk.proxy2.$Proxy19.click(Unknown Source)
at com.vtiger.Testcases.Edit.contactEdit(Edit.java:32)
at java.base/jdk.internal.reflect.NativeMethodAccessorImpl.invoke0(Native Method)
at java.base/jdk.internal.reflect.NativeMethodAccessorImpl.invoke(NativeMethodAccessorImpl.java:77)
at java.base/jdk.internal.reflect.DelegatingMethodAccessorImpl.invoke(DelegatingMethodAccessorImpl.java:43)
at java.base/java.lang.reflect.Method.invoke(Method.java:568)
at org.testng.internal.MethodInvocationHelper.invokeMethod(MethodInvocationHelper.java:133)
at org.testng.internal.TestInvoker.invokeMethod(TestInvoker.java:598)
at org.testng.internal.TestInvoker.invokeTestMethod(TestInvoker.java:173)
at org.testng.internal.MethodRunner.runInSequence(MethodRunner.java:46)
at org.testng.internal.TestInvoker$MethodInvocationAgent.invoke(TestInvoker.java:824)
at org.testng.internal.TestInvoker.invokeTestMethods(TestInvoker.java:146)
at org.testng.internal.TestMethodWorker.invokeTestMethods(TestMethodWorker.java:146)
at org.testng.internal.TestMethodWorker.run(TestMethodWorker.java:128)
at java.base/java.util.ArrayList.forEach(ArrayList.java:1511)
at org.testng.TestRunner.privateRun(TestRunner.java:794)
at org.testng.TestRunner.run(TestRunner.java:596)
at org.testng.SuiteRunner.runTest(SuiteRunner.java:377)
at org.testng.SuiteRunner.runSequentially(SuiteRunner.java:371)
at org.testng.SuiteRunner.privateRun(SuiteRunner.java:332)
at org.testng.SuiteRunner.run(SuiteRunner.java:276)
at org.testng.SuiteRunnerWorker.runSuite(SuiteRunnerWorker.java:53)
at org.testng.SuiteRunnerWorker.run(SuiteRunnerWorker.java:96)
at org.testng.TestNG.runSuitesSequentially(TestNG.java:1212)
at org.testng.TestNG.runSuitesLocally(TestNG.java:1134)
at org.testng.TestNG.runSuites(TestNG.java:1063)
at org.testng.TestNG.run(TestNG.java:1031)
at org.testng.remote.AbstractRemoteTestNG.run(AbstractRemoteTestNG.java:115)
at org.testng.remote.RemoteTestNG.initAndRun(RemoteTestNG.java:251)
at org.testng.remote.RemoteTestNG.main(RemoteTestNG.java:77)
]]>
            </full-stacktrace>
          </exception> <!-- org.openqa.selenium.InvalidSelectorException -->
          <reporter-output>
            <line>
              <![CDATA[contactEdit TestCase Strated]]>
            </line>
            <line>
              <![CDATA[contactEdit TestCase Failed]]>
            </line>
          </reporter-output>
        </test-method> <!-- contactEdit -->
        <test-method is-config="true" signature="logout()[pri:0, instance:com.vtiger.Testcases.Edit@47d9a273]" started-at="2024-01-03T00:20:34 GMT-08:00" name="logout" finished-at="2024-01-03T00:20:36 GMT-08:00" duration-ms="2246" status="PASS">
          <reporter-output>
          </reporter-output>
        </test-method> <!-- logout -->
        <test-method is-config="true" signature="tearup()[pri:0, instance:com.vtiger.Testcases.Edit@47d9a273]" started-at="2024-01-03T00:20:36 GMT-08:00" name="tearup" finished-at="2024-01-03T00:20:36 GMT-08:00" duration-ms="269" status="PASS">
          <reporter-output>
          </reporter-output>
        </test-method> <!-- tearup -->
        <test-method is-config="true" signature="disconnectJDBC()[pri:0, instance:com.vtiger.Testcases.Edit@47d9a273]" started-at="2024-01-03T00:20:37 GMT-08:00" name="disconnectJDBC" finished-at="2024-01-03T00:20:37 GMT-08:00" duration-ms="1" status="PASS">
          <reporter-output>
            <line>
              <![CDATA[Disconnect JDBC]]>
            </line>
          </reporter-output>
        </test-method> <!-- disconnectJDBC -->
      </class> <!-- com.vtiger.Testcases.Edit -->
    </test> <!-- Default test -->
  </suite> <!-- Default suite -->
</testng-results>
