<?xml version="1.0" encoding="UTF-8"?>
<!-- Generated by org.testng.reporters.JUnitXMLReporter -->
<testsuite ignored="0" hostname="DESKTOP-0OUURVQ" failures="0" tests="1" name="Test" time="0.828" errors="0" timestamp="2024-01-02T23:44:57 GMT-08:00">
  <testcase classname="com.vtiger.genericlib.BaseClass" name="@BeforeClass setup" time="0.004">
    <failure type="java.lang.NullPointerException" message="Cannot invoke &amp;quot;org.openqa.selenium.WebDriver.manage()&amp;quot; because &amp;quot;driver&amp;quot; is null">
      <![CDATA[java.lang.NullPointerException: Cannot invoke "org.openqa.selenium.WebDriver.manage()" because "driver" is null
at com.vtiger.genericlib.WebDriverUtility.maximize(WebDriverUtility.java:37)
at com.vtiger.genericlib.BaseClass.setup(BaseClass.java:51)
at java.base/java.util.ArrayList.forEach(ArrayList.java:1511)
... Removed 25 stack frames]]>
    </failure>
  </testcase> <!-- @BeforeClass setup -->
  <testcase classname="com.vtiger.genericlib.BaseClass" name="@BeforeMethod login" time="-1.704267896859E9">
    <skipped/>
  </testcase> <!-- @BeforeMethod login -->
  <testcase classname="com.vtiger.genericlib.BaseClass" name="@AfterMethod logout" time="-1.70426789692E9">
    <skipped/>
  </testcase> <!-- @AfterMethod logout -->
  <testcase classname="com.vtiger.genericlib.BaseClass" name="@AfterClass tearup" time="-1.704267896936E9">
    <skipped/>
  </testcase> <!-- @AfterClass tearup -->
  <testcase classname="com.vtiger.Testcases.Edit" name="contactEdit" time="0.0">
    <skipped/>
  </testcase> <!-- contactEdit -->
</testsuite> <!-- Test -->
